0 info it worked if it ends with ok
1 verbose cli [ 'C:\\Program Files\\nodejs\\node.exe',
1 verbose cli   'C:\\Program Files\\nodejs\\node_modules\\npm\\bin\\npm-cli.js',
1 verbose cli   'install',
1 verbose cli   '-g',
1 verbose cli   'n' ]
2 info using npm@3.10.10
3 info using node@v6.11.2
4 silly loadCurrentTree Starting
5 silly install loadCurrentTree
6 silly install readGlobalPackageData
7 silly fetchPackageMetaData n
8 silly fetchNamedPackageData n
9 silly mapToRegistry name n
10 silly mapToRegistry using default registry
11 silly mapToRegistry registry https://registry.npmjs.org/
12 silly mapToRegistry data Result {
12 silly mapToRegistry   raw: 'n',
12 silly mapToRegistry   scope: null,
12 silly mapToRegistry   escapedName: 'n',
12 silly mapToRegistry   name: 'n',
12 silly mapToRegistry   rawSpec: '',
12 silly mapToRegistry   spec: 'latest',
12 silly mapToRegistry   type: 'tag' }
13 silly mapToRegistry uri https://registry.npmjs.org/n
14 verbose request uri https://registry.npmjs.org/n
15 verbose request no auth needed
16 info attempt registry request try #1 at 8:34:35 AM
17 verbose request using bearer token for auth
18 verbose request id 0cdf4404a5eae4eb
19 http request GET https://registry.npmjs.org/n
20 http 200 https://registry.npmjs.org/n
21 verbose headers { date: 'Thu, 14 Apr 2022 07:34:32 GMT',
21 verbose headers   'content-type': 'application/json',
21 verbose headers   'transfer-encoding': 'chunked',
21 verbose headers   connection: 'keep-alive',
21 verbose headers   'cf-ray': '6fbac2729bcf54cf-MAN',
21 verbose headers   'access-control-allow-origin': '*',
21 verbose headers   'cache-control': 'public, max-age=300',
21 verbose headers   etag: 'W/"d34e263db6cfbb492bbbda23b40a7f36"',
21 verbose headers   'last-modified': 'Fri, 18 Mar 2022 05:18:41 GMT',
21 verbose headers   vary: 'accept-encoding, accept',
21 verbose headers   'cf-cache-status': 'REVALIDATED',
21 verbose headers   'expect-ct': 'max-age=604800, report-uri="https://report-uri.cloudflare.com/cdn-cgi/beacon/expect-ct"',
21 verbose headers   'x-amz-replication-status': 'COMPLETED',
21 verbose headers   server: 'cloudflare',
21 verbose headers   'content-encoding': 'gzip' }
22 silly get cb [ 200,
22 silly get   { date: 'Thu, 14 Apr 2022 07:34:32 GMT',
22 silly get     'content-type': 'application/json',
22 silly get     'transfer-encoding': 'chunked',
22 silly get     connection: 'keep-alive',
22 silly get     'cf-ray': '6fbac2729bcf54cf-MAN',
22 silly get     'access-control-allow-origin': '*',
22 silly get     'cache-control': 'public, max-age=300',
22 silly get     etag: 'W/"d34e263db6cfbb492bbbda23b40a7f36"',
22 silly get     'last-modified': 'Fri, 18 Mar 2022 05:18:41 GMT',
22 silly get     vary: 'accept-encoding, accept',
22 silly get     'cf-cache-status': 'REVALIDATED',
22 silly get     'expect-ct': 'max-age=604800, report-uri="https://report-uri.cloudflare.com/cdn-cgi/beacon/expect-ct"',
22 silly get     'x-amz-replication-status': 'COMPLETED',
22 silly get     server: 'cloudflare',
22 silly get     'content-encoding': 'gzip' } ]
23 verbose get saving n to C:\Users\steve\AppData\Roaming\npm-cache\registry.npmjs.org\n\.cache.json
24 verbose correctMkdir C:\Users\steve\AppData\Roaming\npm-cache correctMkdir not in flight; initializing
25 silly install normalizeTree
26 silly loadCurrentTree Finishing
27 silly loadIdealTree Starting
28 silly install loadIdealTree
29 silly cloneCurrentTree Starting
30 silly install cloneCurrentTreeToIdealTree
31 silly cloneCurrentTree Finishing
32 silly loadShrinkwrap Starting
33 silly install loadShrinkwrap
34 silly loadShrinkwrap Finishing
35 silly loadAllDepsIntoIdealTree Starting
36 silly install loadAllDepsIntoIdealTree
37 silly rollbackFailedOptional Starting
38 silly rollbackFailedOptional Finishing
39 silly runTopLevelLifecycles Finishing
40 silly install printInstalled
41 verbose stack Error: Unsupported platform for n@8.1.0: wanted {"name":"n","description":"Interactively Manage All Your Node Versions","version":"8.1.0","author":{"name":"TJ Holowaychuk","email":"tj@vision-media.ca"},"homepage":"https://github.com/tj/n","bugs":{"url":"https://github.com/tj/n/issues"},"contributors":[{"name":"n Contributors","url":"https://github.com/tj/n/graphs/contributors"}],"keywords":["nvm","node","version","manager","switcher","node","binary","env"],"bin":{"n":"bin/n"},"repository":{"type":"git","url":"git://github.com/tj/n.git"},"scripts":{"test":"test/bin/run-all-tests"},"devDependencies":{"bats":"^1.2.1","bats-assert":"github:bats-core/bats-assert","bats-support":"github:bats-core/bats-support"},"preferGlobal":true,"os":["!win32"],"engines":{"node":"*"},"license":"MIT","gitHead":"409950647f8341e556f91da28417f511d12f11ac","_id":"n@8.1.0","_nodeVersion":"16.14.2","_npmVersion":"8.5.0","dist":{"integrity":"sha512-J8cb9e3Hb75Qs6cZ+McFY9toh+X3PnJOzyKMacC11etNo61bucIMAH+uuHrFCD3ELIdmcq9AAkoljowViCJMLw==","shasum":"4cda2992841db28e4d24335b985fe6df31dbedb7","tarball":"https://registry.npmjs.org/n/-/n-8.1.0.tgz","fileCount":4,"unpackedSize":61528,"npm-signature":"-----BEGIN PGP SIGNATURE-----\r\nVersion: OpenPGP.js v4.10.10\r\nComment: https://openpgpjs.org\r\n\r\nwsFzBAEBCAAGBQJiNBYvACEJED1NWxICdlZqFiEECWMYAoorWMhJKdjhPU1b\r\nEgJ2VmqYyw/8DYGoFVMIHsWTdvwuSMCyS7WluMD/L72S1AjRLJU8MXlqw50E\r\na6sGnvp3zpATtrphkKahtqZCV2rwZ9Ul3ZC6F0ibiIIxn18YgN9YA2Im04zy\r\nslR0yenghmJzMf1N1TxRRfCf6Agi0zSu7N/1x1wxqMchtWjdcYbLFBDup10n\r\niNgmR3gmXslkVb/wv6fo/5KWPEHpEoc0Wn1iC1UP318IJ5o0X78FJSc/FHYa\r\nIBSFUidUEAlZUtdqmOqJXv2/JEl8cb9IKSkjAsdD/cvRWrOZ+jqmcb59bMvM\r\nbpJ39a80hIQjsg9bhhlGV38BGPoVc3In9rnPUOzkmpY80kKjUWPodxzDTpLn\r\nWa1X7w9XV58JmDG15wCkOuhky7IAGVjo+vpPK59Yqs/pssPS1vabF0+hwoHP\r\nUCkN+it+sr75lGUwPYB5zajEdT8vwx5FQ1P5osML5+6+js115SvfnCTNftFe\r\n09r1fCEOfVB/eqHFc+Q9Epqhsu4b8hThCirslx4tJaRggdHJOvbSFUSniR6p\r\nyIfOV6wv3QiwlWUx5nX4a6UwOMN0MrfdD5XqmX+caE8Dpgmhq90/kMSpjYXg\r\nQlovXhijTyXP26cpFR1RYo94MD3NmYHL0nIXLCY7qlDe1Esh2JDmaNMmVV1F\r\n75f1nMgwwvN0rnhj/YpsozLz3vf6KVI1XP0=\r\n=EyS0\r\n-----END PGP SIGNATURE-----\r\n"},"_npmUser":{"name":"shadowspawn","email":"npm_j@ruru.gen.nz"},"directories":{},"maintainers":[{"name":"bat","email":"ben@benatkin.com"},{"name":"tjholowaychuk","email":"tj@vision-media.ca"},{"name":"shadowspawn","email":"npm_j@ruru.gen.nz"}],"_npmOperationalInternal":{"host":"s3://npm-registry-packages","tmp":"tmp/n_8.1.0_1647580719505_0.3287778199564002"},"_hasShrinkwrap":false,"_from":"n","_resolved":"https://registry.npmjs.org/n/-/n-8.1.0.tgz","_shasum":"4cda2992841db28e4d24335b985fe6df31dbedb7","_requested":{"raw":"n","scope":null,"escapedName":"n","name":"n","rawSpec":"","spec":"latest","type":"tag"},"_spec":"n","_where":"C:\\Users\\steve\\Source\\Repos\\markdown-to-pdf","_args":[[{"raw":"n","scope":null,"escapedName":"n","name":"n","rawSpec":"","spec":"latest","type":"tag"},"C:\\Users\\steve\\Source\\Repos\\markdown-to-pdf"]],"readme":"ERROR: No README data found!"} (current: {"os":"win32","cpu":"x64"})
41 verbose stack     at checkPlatform (C:\Program Files\nodejs\node_modules\npm\node_modules\npm-install-checks\index.js:45:14)
41 verbose stack     at thenWarnEngineIssues (C:\Program Files\nodejs\node_modules\npm\lib\install\validate-args.js:41:5)
41 verbose stack     at C:\Program Files\nodejs\node_modules\npm\node_modules\iferr\index.js:13:50
41 verbose stack     at checkEngine (C:\Program Files\nodejs\node_modules\npm\node_modules\npm-install-checks\index.js:24:10)
41 verbose stack     at module.exports.isInstallable (C:\Program Files\nodejs\node_modules\npm\lib\install\validate-args.js:38:3)
41 verbose stack     at Array.<anonymous> (C:\Program Files\nodejs\node_modules\npm\node_modules\slide\lib\bind-actor.js:15:8)
41 verbose stack     at LOOP (C:\Program Files\nodejs\node_modules\npm\node_modules\slide\lib\chain.js:15:14)
41 verbose stack     at C:\Program Files\nodejs\node_modules\npm\node_modules\slide\lib\chain.js:18:7
41 verbose stack     at checkSelf (C:\Program Files\nodejs\node_modules\npm\lib\install\validate-args.js:46:72)
41 verbose stack     at Array.<anonymous> (C:\Program Files\nodejs\node_modules\npm\node_modules\slide\lib\bind-actor.js:15:8)
42 verbose pkgid n@8.1.0
43 verbose cwd C:\Users\steve\Source\Repos\markdown-to-pdf
44 error Windows_NT 10.0.19043
45 error argv "C:\\Program Files\\nodejs\\node.exe" "C:\\Program Files\\nodejs\\node_modules\\npm\\bin\\npm-cli.js" "install" "-g" "n"
46 error node v6.11.2
47 error npm  v3.10.10
48 error code EBADPLATFORM
49 error notsup Unsupported platform for n@8.1.0: wanted {"os":"!win32","arch":"any"} (current: {"os":"win32","arch":"x64"})
50 error notsup Valid OS:    !win32
50 error notsup Valid Arch:  any
50 error notsup Actual OS:   win32
50 error notsup Actual Arch: x64
51 verbose exit [ 1, true ]
